Detecting compiler hash for triplet x64-windows...
Compiler found: C:/Program Files/Microsoft Visual Studio/2022/Community/VC/Tools/MSVC/14.44.35207/bin/Hostx64/x64/cl.exe
Detecting compiler hash for triplet x64-windows-static...
Compiler found: C:/Program Files/Microsoft Visual Studio/2022/Community/VC/Tools/MSVC/14.44.35207/bin/Hostx64/x64/cl.exe
The following packages are already installed:
  * vcpkg-cmake:x64-windows@2024-04-23
  * vcpkg-cmake-config:x64-windows@2024-05-23
The following packages will be built and installed:
  * abseil:x64-windows-static@20250127.1
  * abseil:x64-windows@20250127.1
    asio:x64-windows-static@1.32.0
  * egl-registry:x64-windows-static@2024-01-25
  * expat:x64-windows-static@2.7.1
    fmt:x64-windows-static@11.0.2#1
    freeglut:x64-windows-static@3.6.0#1
  * libjpeg-turbo:x64-windows-static@3.1.0#1
    liblzma:x64-windows-static@5.8.1
  * libpng:x64-windows-static@1.6.46
  * nanosvg:x64-windows-static@2023-12-29
    nlohmann-json:x64-windows-static@3.12.0
    opengl:x64-windows-static@2022-12-04#3
  * opengl-registry:x64-windows-static@2024-02-10#1
  * pcre2[core,jit,platform-default-features]:x64-windows-static@10.45
  * protobuf:x64-windows@5.29.3
    protobuf:x64-windows-static@5.29.3
    pugixml:x64-windows-static@1.15
    spdlog:x64-windows-static@1.15.2
  * tiff[core,jpeg,lzma,zip]:x64-windows-static@4.7.0
  * utf8-range:x64-windows-static@5.29.3
  * utf8-range:x64-windows@5.29.3
    wxwidgets[core,debug-support,sound]:x64-windows-static@3.2.7
  * zlib:x64-windows-static@1.3.1
Additional packages (*) will be modified to complete this operation.
Restored 0 package(s) from C:\Users\João Vítor\AppData\Local\vcpkg\archives in 1.62 ms. Use --debug to see more details.
Installing 1/24 asio:x64-windows-static@1.32.0...
Building asio:x64-windows-static@1.32.0...
-- Using cached chriskohlhoff-asio-asio-1-32-0.tar.gz
-- Extracting source C:/vcpkg/downloads/chriskohlhoff-asio-asio-1-32-0.tar.gz
-- Using source at C:/vcpkg/buildtrees/asio/src/sio-1-32-0-e4cfb7a1b9.clean
-- Found external ninja('1.12.1').
-- Configuring x64-windows-static
CMake Error at scripts/cmake/vcpkg_execute_required_process.cmake:127 (message):
    Command failed: "C:/Program Files/Microsoft Visual Studio/2022/Community/Common7/IDE/CommonExtensions/Microsoft/CMake/Ninja/ninja.exe" -v
    Working Directory: C:/vcpkg/buildtrees/asio/x64-windows-static-rel/vcpkg-parallel-configure
    Error code: 1
    See logs for more information:
      C:\vcpkg\buildtrees\asio\config-x64-windows-static-rel-CMakeCache.txt.log
      C:\vcpkg\buildtrees\asio\config-x64-windows-static-rel-CMakeConfigureLog.yaml.log
      C:\vcpkg\buildtrees\asio\config-x64-windows-static-out.log

Call Stack (most recent call first):
  C:/ots-tools-and-others/remeres-map-editor/build/windows-release/vcpkg_installed/x64-windows/share/vcpkg-cmake/vcpkg_cmake_configure.cmake:269 (vcpkg_execute_required_process)
  buildtrees/versioning_/versions/asio/d1b402afe0e4c5b8efb08dcc8be6b0c90900a55e/portfile.cmake:16 (vcpkg_cmake_configure)
  scripts/ports.cmake:206 (include)


error: building asio:x64-windows-static failed with: BUILD_FAILED
See https://learn.microsoft.com/vcpkg/troubleshoot/build-failures?WT.mc_id=vcpkg_inproduct_cli for more information.
Elapsed time to handle asio:x64-windows-static: 12 s
Please ensure you're using the latest port files with `git pull` and `vcpkg update`.
Then check for known issues at:
  https://github.com/microsoft/vcpkg/issues?q=is%3Aissue+is%3Aopen+in%3Atitle+asio
You can submit a new issue at:
  https://github.com/microsoft/vcpkg/issues/new?title=%5Basio%5D%20build%20error%20on%20x64-windows-static&body=Copy%20issue%20body%20from%20C%3A%2Fots-tools-and-others%2Fremeres-map-editor%2Fbuild%2Fwindows-release%2Fvcpkg_installed%2Fvcpkg%2Fissue_body.md

